c:\workspace\vcx-project\prj\vcx-cifx32\debug\vcx-cifx32.pch
c:\workspace\vcx-project\prj\vcx-cifx32\debug\vc142.pdb
c:\workspace\vcx-project\prj\vcx-cifx32\debug\vc142.idb
c:\workspace\vcx-project\prj\vcx-cifx32\debug\pch.obj
c:\workspace\vcx-project\prj\vcx-cifx32\debug\dllmain.obj
c:\workspace\vcx-project\prj\vcx-cifx32\debug\cifxuser.obj
c:\workspace\vcx-project\prj\vcx-cifx32\debug\vcx-cifx32.ilk
c:\workspace\vcx-project\prj\vcx-cifx32\debug\vcx-cifx32.dll
c:\workspace\vcx-project\prj\vcx-cifx32\debug\vcx-cifx32.pdb
c:\workspace\vcx-project\prj\vcx-cifx32\debug\vcx-cifx32.lib
c:\workspace\vcx-project\prj\vcx-cifx32\debug\vcx-cifx32.exp
c:\workspace\vcx-project\prj\vcx-cifx32\debug\vcx-cifx32-example.pdb
c:\workspace\vcx-project\prj\vcx-cifx32\debug\vcx-cifx32.tlog\cl.command.1.tlog
c:\workspace\vcx-project\prj\vcx-cifx32\debug\vcx-cifx32.tlog\cl.read.1.tlog
c:\workspace\vcx-project\prj\vcx-cifx32\debug\vcx-cifx32.tlog\cl.write.1.tlog
c:\workspace\vcx-project\prj\vcx-cifx32\debug\vcx-cifx32.tlog\link.command.1.tlog
c:\workspace\vcx-project\prj\vcx-cifx32\debug\vcx-cifx32.tlog\link.delete.1.tlog
c:\workspace\vcx-project\prj\vcx-cifx32\debug\vcx-cifx32.tlog\link.read.1.tlog
c:\workspace\vcx-project\prj\vcx-cifx32\debug\vcx-cifx32.tlog\link.write.1.tlog
c:\workspace\vcx-project\prj\vcx-cifx32\debug\vcx-cifx32.tlog\vcx-cifx32.write.1u.tlog
